2020-04-25 14:26:55.010 [info] <0.43.0> Application lager started on node nonode@nohost
2020-04-25 14:26:55.015 [info] <0.43.0> Application gen_stage started on node nonode@nohost
2020-04-25 14:26:55.017 [info] <0.43.0> Application broadway started on node nonode@nohost
2020-04-25 14:26:55.021 [info] <0.43.0> Application xmerl started on node nonode@nohost
2020-04-25 14:26:55.033 [info] <0.43.0> Application sasl started on node nonode@nohost
2020-04-25 14:26:55.036 [info] <0.43.0> Application tools started on node nonode@nohost
2020-04-25 14:26:55.037 [info] <0.43.0> Application jsx started on node nonode@nohost
2020-04-25 14:26:55.042 [info] <0.43.0> Application ranch started on node nonode@nohost
2020-04-25 14:26:55.043 [info] <0.43.0> Application recon started on node nonode@nohost
2020-04-25 14:26:55.064 [info] <0.43.0> Application credentials_obfuscation started on node nonode@nohost
2020-04-25 14:26:55.064 [info] <0.43.0> Application rabbit_common started on node nonode@nohost
2020-04-25 14:26:55.071 [info] <0.43.0> Application amqp_client started on node nonode@nohost
2020-04-25 14:26:55.073 [info] <0.43.0> Application amqp started on node nonode@nohost
2020-04-25 14:26:55.073 [info] <0.43.0> Application broadway_rabbitmq started on node nonode@nohost
2020-04-25 14:26:55.074 [info] <0.43.0> Application fidelity_rule_engine started on node nonode@nohost
2020-04-25 14:31:27.130 [info] <0.43.0> Application lager started on node nonode@nohost
2020-04-25 14:31:27.133 [info] <0.43.0> Application gen_stage started on node nonode@nohost
2020-04-25 14:31:27.136 [info] <0.43.0> Application telemetry started on node nonode@nohost
2020-04-25 14:31:27.138 [info] <0.43.0> Application broadway started on node nonode@nohost
2020-04-25 14:31:27.141 [info] <0.43.0> Application xmerl started on node nonode@nohost
2020-04-25 14:31:27.153 [info] <0.43.0> Application sasl started on node nonode@nohost
2020-04-25 14:31:27.155 [info] <0.43.0> Application tools started on node nonode@nohost
2020-04-25 14:31:27.156 [info] <0.43.0> Application jsx started on node nonode@nohost
2020-04-25 14:31:27.160 [info] <0.43.0> Application ranch started on node nonode@nohost
2020-04-25 14:31:27.161 [info] <0.43.0> Application recon started on node nonode@nohost
2020-04-25 14:31:27.180 [info] <0.43.0> Application credentials_obfuscation started on node nonode@nohost
2020-04-25 14:31:27.181 [info] <0.43.0> Application rabbit_common started on node nonode@nohost
2020-04-25 14:31:27.189 [info] <0.43.0> Application amqp_client started on node nonode@nohost
2020-04-25 14:31:27.191 [info] <0.43.0> Application amqp started on node nonode@nohost
2020-04-25 14:31:27.191 [info] <0.43.0> Application broadway_rabbitmq started on node nonode@nohost
2020-04-25 14:31:27.191 [info] <0.43.0> Application fidelity_rule_engine started on node nonode@nohost
2020-04-25 14:37:31.602 [info] <0.43.0> Application lager started on node nonode@nohost
2020-04-25 14:37:31.605 [info] <0.43.0> Application gen_stage started on node nonode@nohost
2020-04-25 14:37:31.609 [info] <0.43.0> Application telemetry started on node nonode@nohost
2020-04-25 14:37:31.611 [info] <0.43.0> Application broadway started on node nonode@nohost
2020-04-25 14:37:31.615 [info] <0.43.0> Application xmerl started on node nonode@nohost
2020-04-25 14:37:31.628 [info] <0.43.0> Application sasl started on node nonode@nohost
2020-04-25 14:37:31.631 [info] <0.43.0> Application tools started on node nonode@nohost
2020-04-25 14:37:31.632 [info] <0.43.0> Application jsx started on node nonode@nohost
2020-04-25 14:37:31.636 [info] <0.43.0> Application ranch started on node nonode@nohost
2020-04-25 14:37:31.637 [info] <0.43.0> Application recon started on node nonode@nohost
2020-04-25 14:37:31.661 [info] <0.43.0> Application credentials_obfuscation started on node nonode@nohost
2020-04-25 14:37:31.661 [info] <0.43.0> Application rabbit_common started on node nonode@nohost
2020-04-25 14:37:31.670 [info] <0.43.0> Application amqp_client started on node nonode@nohost
2020-04-25 14:37:31.672 [info] <0.43.0> Application amqp started on node nonode@nohost
2020-04-25 14:37:31.672 [info] <0.43.0> Application broadway_rabbitmq started on node nonode@nohost
2020-04-25 14:37:31.672 [info] <0.43.0> Application fidelity_rule_engine started on node nonode@nohost
